<<<<<<< HEAD:Praktikum_Digitaltechnik/DigitaltechnikPraktikum/pnr/de1_mux2to1/de1_mux2to1.map.rpt
Analysis & Synthesis report for de1_mux2to1
Thu Nov 21 20:06:10 2019
=======
Analysis & Synthesis report for de1_echo
Mon Nov 18 14:43:26 2019
>>>>>>> dfad3a895878084fad1ed381dfd1d8861bbdba10:Praktikum_Digitaltechnik/DigitaltechnikPraktikum/pnr/de1_echo/output_files/de1_echo.map.rpt
Quartus II 32-bit Version 13.0.1 Build 232 06/12/2013 Service Pack 1 SJ Web Edition


---------------------
; Table of Contents ;
---------------------
  1. Legal Notice
  2. Analysis & Synthesis Summary
  3. Analysis & Synthesis Settings
  4. Analysis & Synthesis Messages



----------------
; Legal Notice ;
----------------
Copyright (C) 1991-2013 Altera Corporation
Your use of Altera Corporation's design tools, logic functions 
and other software and tools, and its AMPP partner logic 
functions, and any output files from any of the foregoing 
(including device programming or simulation files), and any 
associated documentation or information are expressly subject 
to the terms and conditions of the Altera Program License 
Subscription Agreement, Altera MegaCore Function License 
Agreement, or other applicable license agreement, including, 
without limitation, that your use is for the sole purpose of 
programming logic devices manufactured by Altera and sold by 
Altera or its authorized distributors.  Please refer to the 
applicable agreement for further details.



+--------------------------------------------------------------------------------------+
; Analysis & Synthesis Summary                                                         ;
+------------------------------------+-------------------------------------------------+
<<<<<<< HEAD:Praktikum_Digitaltechnik/DigitaltechnikPraktikum/pnr/de1_mux2to1/de1_mux2to1.map.rpt
; Analysis & Synthesis Status        ; Successful - Thu Nov 21 20:06:10 2019           ;
=======
; Analysis & Synthesis Status        ; Failed - Mon Nov 18 14:43:26 2019               ;
>>>>>>> dfad3a895878084fad1ed381dfd1d8861bbdba10:Praktikum_Digitaltechnik/DigitaltechnikPraktikum/pnr/de1_echo/output_files/de1_echo.map.rpt
; Quartus II 32-bit Version          ; 13.0.1 Build 232 06/12/2013 SP 1 SJ Web Edition ;
; Revision Name                      ; de1_echo                                        ;
; Top-level Entity Name              ; de1_echo                                        ;
; Family                             ; Cyclone IV GX                                   ;
; Total logic elements               ; N/A until Partition Merge                       ;
;     Total combinational functions  ; N/A until Partition Merge                       ;
;     Dedicated logic registers      ; N/A until Partition Merge                       ;
; Total registers                    ; N/A until Partition Merge                       ;
; Total pins                         ; N/A until Partition Merge                       ;
; Total virtual pins                 ; N/A until Partition Merge                       ;
; Total memory bits                  ; N/A until Partition Merge                       ;
; Embedded Multiplier 9-bit elements ; N/A until Partition Merge                       ;
; Total GXB Receiver Channel PCS     ; N/A until Partition Merge                       ;
; Total GXB Receiver Channel PMA     ; N/A until Partition Merge                       ;
; Total GXB Transmitter Channel PCS  ; N/A until Partition Merge                       ;
; Total GXB Transmitter Channel PMA  ; N/A until Partition Merge                       ;
; Total PLLs                         ; N/A until Partition Merge                       ;
+------------------------------------+-------------------------------------------------+


+----------------------------------------------------------------------------------------------------------------------+
; Analysis & Synthesis Settings                                                                                        ;
+----------------------------------------------------------------------------+--------------------+--------------------+
; Option                                                                     ; Setting            ; Default Value      ;
+----------------------------------------------------------------------------+--------------------+--------------------+
; Top-level entity name                                                      ; de1_echo           ; de1_echo           ;
; Family name                                                                ; Cyclone IV GX      ; Cyclone IV GX      ;
; Use smart compilation                                                      ; Off                ; Off                ;
; Enable parallel Assembler and TimeQuest Timing Analyzer during compilation ; On                 ; On                 ;
; Enable compact report table                                                ; Off                ; Off                ;
; Restructure Multiplexers                                                   ; Auto               ; Auto               ;
; Create Debugging Nodes for IP Cores                                        ; Off                ; Off                ;
; Preserve fewer node names                                                  ; On                 ; On                 ;
; Disable OpenCore Plus hardware evaluation                                  ; Off                ; Off                ;
; Verilog Version                                                            ; Verilog_2001       ; Verilog_2001       ;
; VHDL Version                                                               ; VHDL_1993          ; VHDL_1993          ;
; State Machine Processing                                                   ; Auto               ; Auto               ;
; Safe State Machine                                                         ; Off                ; Off                ;
; Extract Verilog State Machines                                             ; On                 ; On                 ;
; Extract VHDL State Machines                                                ; On                 ; On                 ;
; Ignore Verilog initial constructs                                          ; Off                ; Off                ;
; Iteration limit for constant Verilog loops                                 ; 5000               ; 5000               ;
; Iteration limit for non-constant Verilog loops                             ; 250                ; 250                ;
; Add Pass-Through Logic to Inferred RAMs                                    ; On                 ; On                 ;
; Infer RAMs from Raw Logic                                                  ; On                 ; On                 ;
; Parallel Synthesis                                                         ; On                 ; On                 ;
; DSP Block Balancing                                                        ; Auto               ; Auto               ;
; NOT Gate Push-Back                                                         ; On                 ; On                 ;
; Power-Up Don't Care                                                        ; On                 ; On                 ;
; Remove Redundant Logic Cells                                               ; Off                ; Off                ;
; Remove Duplicate Registers                                                 ; On                 ; On                 ;
; Ignore CARRY Buffers                                                       ; Off                ; Off                ;
; Ignore CASCADE Buffers                                                     ; Off                ; Off                ;
; Ignore GLOBAL Buffers                                                      ; Off                ; Off                ;
; Ignore ROW GLOBAL Buffers                                                  ; Off                ; Off                ;
; Ignore LCELL Buffers                                                       ; Off                ; Off                ;
; Ignore SOFT Buffers                                                        ; On                 ; On                 ;
; Limit AHDL Integers to 32 Bits                                             ; Off                ; Off                ;
; Optimization Technique                                                     ; Balanced           ; Balanced           ;
; Carry Chain Length                                                         ; 70                 ; 70                 ;
; Auto Carry Chains                                                          ; On                 ; On                 ;
; Auto Open-Drain Pins                                                       ; On                 ; On                 ;
; Perform WYSIWYG Primitive Resynthesis                                      ; Off                ; Off                ;
; Auto ROM Replacement                                                       ; On                 ; On                 ;
; Auto RAM Replacement                                                       ; On                 ; On                 ;
; Auto DSP Block Replacement                                                 ; On                 ; On                 ;
; Auto Shift Register Replacement                                            ; Auto               ; Auto               ;
; Allow Shift Register Merging across Hierarchies                            ; Auto               ; Auto               ;
; Auto Clock Enable Replacement                                              ; On                 ; On                 ;
; Strict RAM Replacement                                                     ; Off                ; Off                ;
; Allow Synchronous Control Signals                                          ; On                 ; On                 ;
; Force Use of Synchronous Clear Signals                                     ; Off                ; Off                ;
; Auto RAM Block Balancing                                                   ; On                 ; On                 ;
; Auto RAM to Logic Cell Conversion                                          ; Off                ; Off                ;
; Auto Resource Sharing                                                      ; Off                ; Off                ;
; Allow Any RAM Size For Recognition                                         ; Off                ; Off                ;
; Allow Any ROM Size For Recognition                                         ; Off                ; Off                ;
; Allow Any Shift Register Size For Recognition                              ; Off                ; Off                ;
; Use LogicLock Constraints during Resource Balancing                        ; On                 ; On                 ;
; Ignore translate_off and synthesis_off directives                          ; Off                ; Off                ;
; Timing-Driven Synthesis                                                    ; On                 ; On                 ;
; Report Parameter Settings                                                  ; On                 ; On                 ;
; Report Source Assignments                                                  ; On                 ; On                 ;
; Report Connectivity Checks                                                 ; On                 ; On                 ;
; Ignore Maximum Fan-Out Assignments                                         ; Off                ; Off                ;
; Synchronization Register Chain Length                                      ; 2                  ; 2                  ;
; PowerPlay Power Optimization                                               ; Normal compilation ; Normal compilation ;
; HDL message level                                                          ; Level2             ; Level2             ;
; Suppress Register Optimization Related Messages                            ; Off                ; Off                ;
; Number of Removed Registers Reported in Synthesis Report                   ; 5000               ; 5000               ;
; Number of Swept Nodes Reported in Synthesis Report                         ; 5000               ; 5000               ;
; Number of Inverted Registers Reported in Synthesis Report                  ; 100                ; 100                ;
; Clock MUX Protection                                                       ; On                 ; On                 ;
; Auto Gated Clock Conversion                                                ; Off                ; Off                ;
; Block Design Naming                                                        ; Auto               ; Auto               ;
; SDC constraint protection                                                  ; Off                ; Off                ;
; Synthesis Effort                                                           ; Auto               ; Auto               ;
; Shift Register Replacement - Allow Asynchronous Clear Signal               ; On                 ; On                 ;
; Pre-Mapping Resynthesis Optimization                                       ; Off                ; Off                ;
; Analysis & Synthesis Message Level                                         ; Medium             ; Medium             ;
; Disable Register Merging Across Hierarchies                                ; Auto               ; Auto               ;
; Resource Aware Inference For Block RAM                                     ; On                 ; On                 ;
; Synthesis Seed                                                             ; 1                  ; 1                  ;
+----------------------------------------------------------------------------+--------------------+--------------------+


<<<<<<< HEAD:Praktikum_Digitaltechnik/DigitaltechnikPraktikum/pnr/de1_mux2to1/de1_mux2to1.map.rpt
+-----------------------------------------------------------------------------------------------------------------------------------------------------------------------------------------------------------+
; Analysis & Synthesis Source Files Read                                                                                                                                                                    ;
+-------------------------------------+-----------------+-----------------+-----------------------------------------------------------------------------------------------------------------------+---------+
; File Name with User-Entered Path    ; Used in Netlist ; File Type       ; File Name with Absolute Path                                                                                          ; Library ;
+-------------------------------------+-----------------+-----------------+-----------------------------------------------------------------------------------------------------------------------+---------+
; ../../src/and2gate_equation.vhd     ; yes             ; User VHDL File  ; /home/caeuser/Desktop/GIT/3rd-Semester/Praktikum_Digitaltechnik/DigitaltechnikPraktikum/src/and2gate_equation.vhd     ;         ;
; ../../src/or2gate_equation.vhd      ; yes             ; User VHDL File  ; /home/caeuser/Desktop/GIT/3rd-Semester/Praktikum_Digitaltechnik/DigitaltechnikPraktikum/src/or2gate_equation.vhd      ;         ;
; ../../src/invgate_equation.vhd      ; yes             ; User VHDL File  ; /home/caeuser/Desktop/GIT/3rd-Semester/Praktikum_Digitaltechnik/DigitaltechnikPraktikum/src/invgate_equation.vhd      ;         ;
; ../../src/mux2to1_structure.vhd     ; yes             ; User VHDL File  ; /home/caeuser/Desktop/GIT/3rd-Semester/Praktikum_Digitaltechnik/DigitaltechnikPraktikum/src/mux2to1_structure.vhd     ;         ;
; ../../src/de1_mux2to1_structure.vhd ; yes             ; User VHDL File  ; /home/caeuser/Desktop/GIT/3rd-Semester/Praktikum_Digitaltechnik/DigitaltechnikPraktikum/src/de1_mux2to1_structure.vhd ;         ;
+-------------------------------------+-----------------+-----------------+-----------------------------------------------------------------------------------------------------------------------+---------+


+------------------------------------------------------------------------------------+
; Analysis & Synthesis Resource Usage Summary                                        ;
+---------------------------------------------+--------------------------------------+
; Resource                                    ; Usage                                ;
+---------------------------------------------+--------------------------------------+
; Estimated Total logic elements              ; 1                                    ;
;                                             ;                                      ;
; Total combinational functions               ; 1                                    ;
; Logic element usage by number of LUT inputs ;                                      ;
;     -- 4 input functions                    ; 0                                    ;
;     -- 3 input functions                    ; 1                                    ;
;     -- <=2 input functions                  ; 0                                    ;
;                                             ;                                      ;
; Logic elements by mode                      ;                                      ;
;     -- normal mode                          ; 1                                    ;
;     -- arithmetic mode                      ; 0                                    ;
;                                             ;                                      ;
; Total registers                             ; 0                                    ;
;     -- Dedicated logic registers            ; 0                                    ;
;     -- I/O registers                        ; 0                                    ;
;                                             ;                                      ;
; I/O pins                                    ; 4                                    ;
; Embedded Multiplier 9-bit elements          ; 0                                    ;
; Maximum fan-out node                        ; mux2to1:DUT|or2gate:or2_gate_1|y_o~0 ;
; Maximum fan-out                             ; 1                                    ;
; Total fan-out                               ; 4                                    ;
; Average fan-out                             ; 0.80                                 ;
+---------------------------------------------+--------------------------------------+


+-----------------------------------------------------------------------------------------------------------------------------------------------------------------------------------------------------+
; Analysis & Synthesis Resource Utilization by Entity                                                                                                                                                 ;
+----------------------------+-------------------+--------------+-------------+--------------+---------+-----------+------+--------------+---------------------------------------------+--------------+
; Compilation Hierarchy Node ; LC Combinationals ; LC Registers ; Memory Bits ; DSP Elements ; DSP 9x9 ; DSP 18x18 ; Pins ; Virtual Pins ; Full Hierarchy Name                         ; Library Name ;
+----------------------------+-------------------+--------------+-------------+--------------+---------+-----------+------+--------------+---------------------------------------------+--------------+
; |de1_mux2to1               ; 1 (0)             ; 0 (0)        ; 0           ; 0            ; 0       ; 0         ; 4    ; 0            ; |de1_mux2to1                                ; work         ;
;    |mux2to1:DUT|           ; 1 (0)             ; 0 (0)        ; 0           ; 0            ; 0       ; 0         ; 0    ; 0            ; |de1_mux2to1|mux2to1:DUT                    ; work         ;
;       |or2gate:or2_gate_1| ; 1 (1)             ; 0 (0)        ; 0           ; 0            ; 0       ; 0         ; 0    ; 0            ; |de1_mux2to1|mux2to1:DUT|or2gate:or2_gate_1 ; work         ;
+----------------------------+-------------------+--------------+-------------+--------------+---------+-----------+------+--------------+---------------------------------------------+--------------+
Note: For table entries with two numbers listed, the numbers in parentheses indicate the number of resources of the given type used by the specific entity alone. The numbers listed outside of parentheses indicate the total resources of the given type used by the specific entity and all of its sub-entities in the hierarchy.


+------------------------------------------------------+
; General Register Statistics                          ;
+----------------------------------------------+-------+
; Statistic                                    ; Value ;
+----------------------------------------------+-------+
; Total registers                              ; 0     ;
; Number of registers using Synchronous Clear  ; 0     ;
; Number of registers using Synchronous Load   ; 0     ;
; Number of registers using Asynchronous Clear ; 0     ;
; Number of registers using Asynchronous Load  ; 0     ;
; Number of registers using Clock Enable       ; 0     ;
; Number of registers using Preset             ; 0     ;
+----------------------------------------------+-------+


+-------------------------------+
; Elapsed Time Per Partition    ;
+----------------+--------------+
; Partition Name ; Elapsed Time ;
+----------------+--------------+
; Top            ; 00:00:00     ;
+----------------+--------------+


=======
>>>>>>> dfad3a895878084fad1ed381dfd1d8861bbdba10:Praktikum_Digitaltechnik/DigitaltechnikPraktikum/pnr/de1_echo/output_files/de1_echo.map.rpt
+-------------------------------+
; Analysis & Synthesis Messages ;
+-------------------------------+
Info: *******************************************************************
Info: Running Quartus II 32-bit Analysis & Synthesis
    Info: Version 13.0.1 Build 232 06/12/2013 Service Pack 1 SJ Web Edition
<<<<<<< HEAD:Praktikum_Digitaltechnik/DigitaltechnikPraktikum/pnr/de1_mux2to1/de1_mux2to1.map.rpt
    Info: Processing started: Thu Nov 21 20:06:05 2019
Info: Command: quartus_map --read_settings_files=on --write_settings_files=off de1_mux2to1 -c de1_mux2to1
Warning (20028): Parallel compilation is not licensed and has been disabled
Info (12021): Found 2 design units, including 1 entities, in source file /home/caeuser/Desktop/GIT/3rd-Semester/Praktikum_Digitaltechnik/DigitaltechnikPraktikum/src/and2gate_equation.vhd
    Info (12022): Found design unit 1: and2gate-equation
    Info (12023): Found entity 1: and2gate
Info (12021): Found 2 design units, including 1 entities, in source file /home/caeuser/Desktop/GIT/3rd-Semester/Praktikum_Digitaltechnik/DigitaltechnikPraktikum/src/or2gate_equation.vhd
    Info (12022): Found design unit 1: or2gate-equation
    Info (12023): Found entity 1: or2gate
Info (12021): Found 2 design units, including 1 entities, in source file /home/caeuser/Desktop/GIT/3rd-Semester/Praktikum_Digitaltechnik/DigitaltechnikPraktikum/src/invgate_equation.vhd
    Info (12022): Found design unit 1: invgate-equation
    Info (12023): Found entity 1: invgate
Info (12021): Found 2 design units, including 1 entities, in source file /home/caeuser/Desktop/GIT/3rd-Semester/Praktikum_Digitaltechnik/DigitaltechnikPraktikum/src/mux2to1_structure.vhd
    Info (12022): Found design unit 1: mux2to1-structure
    Info (12023): Found entity 1: mux2to1
Info (12021): Found 2 design units, including 1 entities, in source file /home/caeuser/Desktop/GIT/3rd-Semester/Praktikum_Digitaltechnik/DigitaltechnikPraktikum/src/de1_mux2to1_structure.vhd
    Info (12022): Found design unit 1: de1_mux2to1-structure
    Info (12023): Found entity 1: de1_mux2to1
Info (12127): Elaborating entity "de1_mux2to1" for the top level hierarchy
Info (12128): Elaborating entity "mux2to1" for hierarchy "mux2to1:DUT"
Info (12128): Elaborating entity "invgate" for hierarchy "mux2to1:DUT|invgate:inv_gate_1"
Info (12128): Elaborating entity "and2gate" for hierarchy "mux2to1:DUT|and2gate:and2_gate_1"
Info (12128): Elaborating entity "or2gate" for hierarchy "mux2to1:DUT|or2gate:or2_gate_1"
Info (16010): Generating hard_block partition "hard_block:auto_generated_inst"
    Info (16011): Adding 0 node(s), including 0 DDIO, 0 PLL, 0 transceiver and 0 LCELL
Info (21057): Implemented 5 device resources after synthesis - the final resource count might be different
    Info (21058): Implemented 3 input pins
    Info (21059): Implemented 1 output pins
    Info (21061): Implemented 1 logic cells
Info: Quartus II 32-bit Analysis & Synthesis was successful. 0 errors, 1 warning
    Info: Peak virtual memory: 371 megabytes
    Info: Processing ended: Thu Nov 21 20:06:10 2019
    Info: Elapsed time: 00:00:05
    Info: Total CPU time (on all processors): 00:00:05
=======
    Info: Processing started: Mon Nov 18 14:43:25 2019
Info: Command: quartus_map --read_settings_files=on --write_settings_files=off de1_echo -c de1_echo
Warning (20028): Parallel compilation is not licensed and has been disabled
Error (12007): Top-level design entity "de1_echo" is undefined
Error: Quartus II 32-bit Analysis & Synthesis was unsuccessful. 1 error, 1 warning
    Error: Peak virtual memory: 353 megabytes
    Error: Processing ended: Mon Nov 18 14:43:27 2019
    Error: Elapsed time: 00:00:02
    Error: Total CPU time (on all processors): 00:00:01
>>>>>>> dfad3a895878084fad1ed381dfd1d8861bbdba10:Praktikum_Digitaltechnik/DigitaltechnikPraktikum/pnr/de1_echo/output_files/de1_echo.map.rpt


