<<<<<<< HEAD:Praktikum_Digitaltechnik/DigitaltechnikPraktikum/pnr/de1_mux2to1/de1_mux2to1.flow.rpt
Flow report for de1_mux2to1
Thu Nov 21 20:06:10 2019
=======
Flow report for de1_echo
Mon Nov 18 14:43:26 2019
>>>>>>> dfad3a895878084fad1ed381dfd1d8861bbdba10:Praktikum_Digitaltechnik/DigitaltechnikPraktikum/pnr/de1_echo/output_files/de1_echo.flow.rpt
Quartus II 32-bit Version 13.0.1 Build 232 06/12/2013 Service Pack 1 SJ Web Edition


---------------------
; Table of Contents ;
---------------------
  1. Legal Notice
  2. Flow Summary
  3. Flow Settings
  4. Flow Non-Default Global Settings
  5. Flow Elapsed Time
  6. Flow OS Summary
  7. Flow Log
  8. Flow Messages
  9. Flow Suppressed Messages



----------------
; Legal Notice ;
----------------
Copyright (C) 1991-2013 Altera Corporation
Your use of Altera Corporation's design tools, logic functions 
and other software and tools, and its AMPP partner logic 
functions, and any output files from any of the foregoing 
(including device programming or simulation files), and any 
associated documentation or information are expressly subject 
to the terms and conditions of the Altera Program License 
Subscription Agreement, Altera MegaCore Function License 
Agreement, or other applicable license agreement, including, 
without limitation, that your use is for the sole purpose of 
programming logic devices manufactured by Altera and sold by 
Altera or its authorized distributors.  Please refer to the 
applicable agreement for further details.



+--------------------------------------------------------------------------------------+
; Flow Summary                                                                         ;
+------------------------------------+-------------------------------------------------+
<<<<<<< HEAD:Praktikum_Digitaltechnik/DigitaltechnikPraktikum/pnr/de1_mux2to1/de1_mux2to1.flow.rpt
; Flow Status                        ; Successful - Thu Nov 21 20:06:10 2019           ;
; Quartus II 32-bit Version          ; 13.0.1 Build 232 06/12/2013 SP 1 SJ Web Edition ;
; Revision Name                      ; de1_mux2to1                                     ;
; Top-level Entity Name              ; de1_mux2to1                                     ;
; Family                             ; Cyclone II                                      ;
; Device                             ; EP2C20F484C7                                    ;
; Timing Models                      ; Final                                           ;
; Total logic elements               ; 1                                               ;
;     Total combinational functions  ; 1                                               ;
;     Dedicated logic registers      ; 0                                               ;
; Total registers                    ; 0                                               ;
; Total pins                         ; 4                                               ;
; Total virtual pins                 ; 0                                               ;
; Total memory bits                  ; 0                                               ;
; Embedded Multiplier 9-bit elements ; 0                                               ;
; Total PLLs                         ; 0                                               ;
=======
; Flow Status                        ; Flow Failed - Mon Nov 18 14:43:26 2019          ;
; Quartus II 32-bit Version          ; 13.0.1 Build 232 06/12/2013 SP 1 SJ Web Edition ;
; Revision Name                      ; de1_echo                                        ;
; Top-level Entity Name              ; de1_echo                                        ;
; Family                             ; Cyclone IV GX                                   ;
; Total logic elements               ; N/A until Partition Merge                       ;
;     Total combinational functions  ; N/A until Partition Merge                       ;
;     Dedicated logic registers      ; N/A until Partition Merge                       ;
; Total registers                    ; N/A until Partition Merge                       ;
; Total pins                         ; N/A until Partition Merge                       ;
; Total virtual pins                 ; N/A until Partition Merge                       ;
; Total memory bits                  ; N/A until Partition Merge                       ;
; Embedded Multiplier 9-bit elements ; N/A until Partition Merge                       ;
; Total GXB Receiver Channel PCS     ; N/A until Partition Merge                       ;
; Total GXB Receiver Channel PMA     ; N/A until Partition Merge                       ;
; Total GXB Transmitter Channel PCS  ; N/A until Partition Merge                       ;
; Total GXB Transmitter Channel PMA  ; N/A until Partition Merge                       ;
; Total PLLs                         ; N/A until Partition Merge                       ;
>>>>>>> dfad3a895878084fad1ed381dfd1d8861bbdba10:Praktikum_Digitaltechnik/DigitaltechnikPraktikum/pnr/de1_echo/output_files/de1_echo.flow.rpt
+------------------------------------+-------------------------------------------------+


+-----------------------------------------+
; Flow Settings                           ;
+-------------------+---------------------+
; Option            ; Setting             ;
+-------------------+---------------------+
<<<<<<< HEAD:Praktikum_Digitaltechnik/DigitaltechnikPraktikum/pnr/de1_mux2to1/de1_mux2to1.flow.rpt
; Start date & time ; 11/21/2019 20:06:06 ;
=======
; Start date & time ; 11/18/2019 14:43:26 ;
>>>>>>> dfad3a895878084fad1ed381dfd1d8861bbdba10:Praktikum_Digitaltechnik/DigitaltechnikPraktikum/pnr/de1_echo/output_files/de1_echo.flow.rpt
; Main task         ; Compilation         ;
; Revision Name     ; de1_echo            ;
+-------------------+---------------------+


<<<<<<< HEAD:Praktikum_Digitaltechnik/DigitaltechnikPraktikum/pnr/de1_mux2to1/de1_mux2to1.flow.rpt
+----------------------------------------------------------------------------------------------------------------+
; Flow Non-Default Global Settings                                                                               ;
+-------------------------------------+-------------------------------+---------------+-------------+------------+
; Assignment Name                     ; Value                         ; Default Value ; Entity Name ; Section Id ;
+-------------------------------------+-------------------------------+---------------+-------------+------------+
; COMPILER_SIGNATURE_ID               ; 8796750320492.157436316602362 ; --            ; --          ; --         ;
; PARTITION_COLOR                     ; 16764057                      ; --            ; --          ; Top        ;
; PARTITION_FITTER_PRESERVATION_LEVEL ; PLACEMENT_AND_ROUTING         ; --            ; --          ; Top        ;
; PARTITION_NETLIST_TYPE              ; SOURCE                        ; --            ; --          ; Top        ;
; VHDL_INPUT_VERSION                  ; VHDL_2008                     ; VHDL_1993     ; --          ; --         ;
+-------------------------------------+-------------------------------+---------------+-------------+------------+
=======
+--------------------------------------------------------------------------------------------------------------------+
; Flow Non-Default Global Settings                                                                                   ;
+-------------------------------------+-------------------------------+---------------+-------------+----------------+
; Assignment Name                     ; Value                         ; Default Value ; Entity Name ; Section Id     ;
+-------------------------------------+-------------------------------+---------------+-------------+----------------+
; COMPILER_SIGNATURE_ID               ; 8796750320492.157408460601731 ; --            ; --          ; --             ;
; EDA_OUTPUT_DATA_FORMAT              ; Vhdl                          ; --            ; --          ; eda_simulation ;
; EDA_SIMULATION_TOOL                 ; ModelSim-Altera (VHDL)        ; <None>        ; --          ; --             ;
; PARTITION_COLOR                     ; 16764057                      ; --            ; --          ; Top            ;
; PARTITION_FITTER_PRESERVATION_LEVEL ; PLACEMENT_AND_ROUTING         ; --            ; --          ; Top            ;
; PARTITION_NETLIST_TYPE              ; SOURCE                        ; --            ; --          ; Top            ;
; PROJECT_OUTPUT_DIRECTORY            ; output_files                  ; --            ; --          ; --             ;
+-------------------------------------+-------------------------------+---------------+-------------+----------------+
>>>>>>> dfad3a895878084fad1ed381dfd1d8861bbdba10:Praktikum_Digitaltechnik/DigitaltechnikPraktikum/pnr/de1_echo/output_files/de1_echo.flow.rpt


+--------------------------------------------------------------------------------------------------------------------------+
; Flow Elapsed Time                                                                                                        ;
+----------------------+--------------+-------------------------+---------------------+------------------------------------+
; Module Name          ; Elapsed Time ; Average Processors Used ; Peak Virtual Memory ; Total CPU Time (on all processors) ;
+----------------------+--------------+-------------------------+---------------------+------------------------------------+
<<<<<<< HEAD:Praktikum_Digitaltechnik/DigitaltechnikPraktikum/pnr/de1_mux2to1/de1_mux2to1.flow.rpt
; Analysis & Synthesis ; 00:00:05     ; 1.0                     ; 371 MB              ; 00:00:04                           ;
; Total                ; 00:00:05     ; --                      ; --                  ; 00:00:04                           ;
=======
; Analysis & Synthesis ; 00:00:01     ; 1.0                     ; 353 MB              ; 00:00:01                           ;
; Total                ; 00:00:01     ; --                      ; --                  ; 00:00:01                           ;
>>>>>>> dfad3a895878084fad1ed381dfd1d8861bbdba10:Praktikum_Digitaltechnik/DigitaltechnikPraktikum/pnr/de1_echo/output_files/de1_echo.flow.rpt
+----------------------+--------------+-------------------------+---------------------+------------------------------------+


+----------------------------------------------------------------------------------------+
; Flow OS Summary                                                                        ;
+----------------------+------------------+----------------+------------+----------------+
; Module Name          ; Machine Hostname ; OS Name        ; OS Version ; Processor type ;
+----------------------+------------------+----------------+------------+----------------+
; Analysis & Synthesis ; SoC-Tools-OS     ; Ubuntu 18.04.1 ; 18         ; x86_64         ;
+----------------------+------------------+----------------+------------+----------------+


------------
; Flow Log ;
------------
<<<<<<< HEAD:Praktikum_Digitaltechnik/DigitaltechnikPraktikum/pnr/de1_mux2to1/de1_mux2to1.flow.rpt
quartus_map --read_settings_files=on --write_settings_files=off de1_mux2to1 -c de1_mux2to1
=======
quartus_map --read_settings_files=on --write_settings_files=off de1_echo -c de1_echo
>>>>>>> dfad3a895878084fad1ed381dfd1d8861bbdba10:Praktikum_Digitaltechnik/DigitaltechnikPraktikum/pnr/de1_echo/output_files/de1_echo.flow.rpt



