TimeQuest Timing Analyzer report for de1_add1
Thu Nov 21 19:15:25 2019
Quartus II 32-bit Version 13.0.1 Build 232 06/12/2013 Service Pack 1 SJ Web Edition


---------------------
; Table of Contents ;
---------------------
  1. Legal Notice
  2. TimeQuest Timing Analyzer Summary
  3. SDC File List
  4. Clocks
  5. Slow Model Fmax Summary
  6. Slow Model Setup Summary
  7. Slow Model Hold Summary
  8. Slow Model Recovery Summary
  9. Slow Model Removal Summary
 10. Slow Model Minimum Pulse Width Summary
 11. Propagation Delay
 12. Minimum Propagation Delay
 13. Fast Model Setup Summary
 14. Fast Model Hold Summary
 15. Fast Model Recovery Summary
 16. Fast Model Removal Summary
 17. Fast Model Minimum Pulse Width Summary
 18. Propagation Delay
 19. Minimum Propagation Delay
 20. Multicorner Timing Analysis Summary
 21. Progagation Delay
 22. Minimum Progagation Delay
 23. Clock Transfers
 24. Report TCCS
 25. Report RSKM
 26. Unconstrained Paths
 27. TimeQuest Timing Analyzer Messages



----------------
; Legal Notice ;
----------------
Copyright (C) 1991-2013 Altera Corporation
Your use of Altera Corporation's design tools, logic functions 
and other software and tools, and its AMPP partner logic 
functions, and any output files from any of the foregoing 
(including device programming or simulation files), and any 
associated documentation or information are expressly subject 
to the terms and conditions of the Altera Program License 
Subscription Agreement, Altera MegaCore Function License 
Agreement, or other applicable license agreement, including, 
without limitation, that your use is for the sole purpose of 
programming logic devices manufactured by Altera and sold by 
Altera or its authorized distributors.  Please refer to the 
applicable agreement for further details.



+----------------------------------------------------------------------------------------+
; TimeQuest Timing Analyzer Summary                                                      ;
+--------------------+-------------------------------------------------------------------+
; Quartus II Version ; Version 13.0.1 Build 232 06/12/2013 Service Pack 1 SJ Web Edition ;
; Revision Name      ; de1_add1                                                          ;
; Device Family      ; Cyclone II                                                        ;
; Device Name        ; EP2C20F484C7                                                      ;
; Timing Models      ; Final                                                             ;
; Delay Model        ; Combined                                                          ;
; Rise/Fall Delays   ; Unavailable                                                       ;
+--------------------+-------------------------------------------------------------------+


+---------------------------------------------------+
; SDC File List                                     ;
+---------------+--------+--------------------------+
; SDC File Path ; Status ; Read at                  ;
+---------------+--------+--------------------------+
; de1_add1.sdc  ; OK     ; Thu Nov 21 19:15:25 2019 ;
+---------------+--------+--------------------------+


----------
; Clocks ;
----------
No clocks to report.


---------------------------
; Slow Model Fmax Summary ;
---------------------------
No paths to report.


----------------------------
; Slow Model Setup Summary ;
----------------------------
No paths to report.


---------------------------
; Slow Model Hold Summary ;
---------------------------
No paths to report.


-------------------------------
; Slow Model Recovery Summary ;
-------------------------------
No paths to report.


------------------------------
; Slow Model Removal Summary ;
------------------------------
No paths to report.


------------------------------------------
; Slow Model Minimum Pulse Width Summary ;
------------------------------------------
No paths to report.


+----------------------------------------------------------+
; Propagation Delay                                        ;
+------------+-------------+-------+-------+-------+-------+
; Input Port ; Output Port ; RR    ; RF    ; FR    ; FF    ;
+------------+-------------+-------+-------+-------+-------+
; SW[0]      ; LEDR[0]     ; 5.529 ; 5.529 ; 5.529 ; 5.529 ;
; SW[0]      ; LEDR[1]     ; 5.841 ;       ;       ; 5.841 ;
; SW[1]      ; LEDR[0]     ; 5.765 ; 5.765 ; 5.765 ; 5.765 ;
; SW[1]      ; LEDR[1]     ; 6.083 ;       ;       ; 6.083 ;
; SW[2]      ; LEDR[0]     ; 5.386 ; 5.386 ; 5.386 ; 5.386 ;
; SW[2]      ; LEDR[1]     ; 5.700 ;       ;       ; 5.700 ;
+------------+-------------+-------+-------+-------+-------+


+----------------------------------------------------------+
; Minimum Propagation Delay                                ;
+------------+-------------+-------+-------+-------+-------+
; Input Port ; Output Port ; RR    ; RF    ; FR    ; FF    ;
+------------+-------------+-------+-------+-------+-------+
; SW[0]      ; LEDR[0]     ; 5.529 ; 5.529 ; 5.529 ; 5.529 ;
; SW[0]      ; LEDR[1]     ; 5.841 ;       ;       ; 5.841 ;
; SW[1]      ; LEDR[0]     ; 5.765 ; 5.765 ; 5.765 ; 5.765 ;
; SW[1]      ; LEDR[1]     ; 6.083 ;       ;       ; 6.083 ;
; SW[2]      ; LEDR[0]     ; 5.386 ; 5.386 ; 5.386 ; 5.386 ;
; SW[2]      ; LEDR[1]     ; 5.700 ;       ;       ; 5.700 ;
+------------+-------------+-------+-------+-------+-------+


----------------------------
; Fast Model Setup Summary ;
----------------------------
No paths to report.


---------------------------
; Fast Model Hold Summary ;
---------------------------
No paths to report.


-------------------------------
; Fast Model Recovery Summary ;
-------------------------------
No paths to report.


------------------------------
; Fast Model Removal Summary ;
------------------------------
No paths to report.


------------------------------------------
; Fast Model Minimum Pulse Width Summary ;
------------------------------------------
No paths to report.


+----------------------------------------------------------+
; Propagation Delay                                        ;
+------------+-------------+-------+-------+-------+-------+
; Input Port ; Output Port ; RR    ; RF    ; FR    ; FF    ;
+------------+-------------+-------+-------+-------+-------+
; SW[0]      ; LEDR[0]     ; 2.612 ; 2.612 ; 2.612 ; 2.612 ;
; SW[0]      ; LEDR[1]     ; 2.731 ;       ;       ; 2.731 ;
; SW[1]      ; LEDR[0]     ; 2.691 ; 2.691 ; 2.691 ; 2.691 ;
; SW[1]      ; LEDR[1]     ; 2.809 ;       ;       ; 2.809 ;
; SW[2]      ; LEDR[0]     ; 2.568 ; 2.568 ; 2.568 ; 2.568 ;
; SW[2]      ; LEDR[1]     ; 2.687 ;       ;       ; 2.687 ;
+------------+-------------+-------+-------+-------+-------+


+----------------------------------------------------------+
; Minimum Propagation Delay                                ;
+------------+-------------+-------+-------+-------+-------+
; Input Port ; Output Port ; RR    ; RF    ; FR    ; FF    ;
+------------+-------------+-------+-------+-------+-------+
; SW[0]      ; LEDR[0]     ; 2.612 ; 2.612 ; 2.612 ; 2.612 ;
; SW[0]      ; LEDR[1]     ; 2.731 ;       ;       ; 2.731 ;
; SW[1]      ; LEDR[0]     ; 2.691 ; 2.691 ; 2.691 ; 2.691 ;
; SW[1]      ; LEDR[1]     ; 2.809 ;       ;       ; 2.809 ;
; SW[2]      ; LEDR[0]     ; 2.568 ; 2.568 ; 2.568 ; 2.568 ;
; SW[2]      ; LEDR[1]     ; 2.687 ;       ;       ; 2.687 ;
+------------+-------------+-------+-------+-------+-------+


+----------------------------------------------------------------------------+
; Multicorner Timing Analysis Summary                                        ;
+------------------+-------+------+----------+---------+---------------------+
; Clock            ; Setup ; Hold ; Recovery ; Removal ; Minimum Pulse Width ;
+------------------+-------+------+----------+---------+---------------------+
; Worst-case Slack ; N/A   ; N/A  ; N/A      ; N/A     ; N/A                 ;
; Design-wide TNS  ; 0.0   ; 0.0  ; 0.0      ; 0.0     ; 0.0                 ;
+------------------+-------+------+----------+---------+---------------------+


+----------------------------------------------------------+
; Progagation Delay                                        ;
+------------+-------------+-------+-------+-------+-------+
; Input Port ; Output Port ; RR    ; RF    ; FR    ; FF    ;
+------------+-------------+-------+-------+-------+-------+
; SW[0]      ; LEDR[0]     ; 5.529 ; 5.529 ; 5.529 ; 5.529 ;
; SW[0]      ; LEDR[1]     ; 5.841 ;       ;       ; 5.841 ;
; SW[1]      ; LEDR[0]     ; 5.765 ; 5.765 ; 5.765 ; 5.765 ;
; SW[1]      ; LEDR[1]     ; 6.083 ;       ;       ; 6.083 ;
; SW[2]      ; LEDR[0]     ; 5.386 ; 5.386 ; 5.386 ; 5.386 ;
; SW[2]      ; LEDR[1]     ; 5.700 ;       ;       ; 5.700 ;
+------------+-------------+-------+-------+-------+-------+


+----------------------------------------------------------+
; Minimum Progagation Delay                                ;
+------------+-------------+-------+-------+-------+-------+
; Input Port ; Output Port ; RR    ; RF    ; FR    ; FF    ;
+------------+-------------+-------+-------+-------+-------+
; SW[0]      ; LEDR[0]     ; 2.612 ; 2.612 ; 2.612 ; 2.612 ;
; SW[0]      ; LEDR[1]     ; 2.731 ;       ;       ; 2.731 ;
; SW[1]      ; LEDR[0]     ; 2.691 ; 2.691 ; 2.691 ; 2.691 ;
; SW[1]      ; LEDR[1]     ; 2.809 ;       ;       ; 2.809 ;
; SW[2]      ; LEDR[0]     ; 2.568 ; 2.568 ; 2.568 ; 2.568 ;
; SW[2]      ; LEDR[1]     ; 2.687 ;       ;       ; 2.687 ;
+------------+-------------+-------+-------+-------+-------+


-------------------
; Clock Transfers ;
-------------------
Nothing to report.


---------------
; Report TCCS ;
---------------
No dedicated SERDES Transmitter circuitry present in device or used in design


---------------
; Report RSKM ;
---------------
No dedicated SERDES Receiver circuitry present in device or used in design


+------------------------------------------------+
; Unconstrained Paths                            ;
+---------------------------------+-------+------+
; Property                        ; Setup ; Hold ;
+---------------------------------+-------+------+
; Illegal Clocks                  ; 0     ; 0    ;
; Unconstrained Clocks            ; 0     ; 0    ;
; Unconstrained Input Ports       ; 3     ; 3    ;
; Unconstrained Input Port Paths  ; 6     ; 6    ;
; Unconstrained Output Ports      ; 2     ; 2    ;
; Unconstrained Output Port Paths ; 6     ; 6    ;
+---------------------------------+-------+------+


+------------------------------------+
; TimeQuest Timing Analyzer Messages ;
+------------------------------------+
Info: *******************************************************************
Info: Running Quartus II 32-bit TimeQuest Timing Analyzer
    Info: Version 13.0.1 Build 232 06/12/2013 Service Pack 1 SJ Web Edition
    Info: Processing started: Thu Nov 21 19:15:23 2019
Info: Command: quartus_sta de1_add1 -c de1_add1
Info: qsta_default_script.tcl version: #1
Warning (20028): Parallel compilation is not licensed and has been disabled
Info (332104): Reading SDC File: 'de1_add1.sdc'
Warning (332174): Ignored filter at de1_add1.sdc(1): CLOCK_50 could not be matched with a port or pin or register or keeper or net
Warning (332049): Ignored create_clock at de1_add1.sdc(1): Argument <targets> is not an object ID
    Info (332050): create_clock -period 20.000 -name CLOCK_50 CLOCK_50
Info (332142): No user constrained base clocks found in the design. Calling "derive_clocks -period 1.0"
Info (332096): The command derive_clocks did not find any clocks to derive.  No clocks were created or changed.
Warning (332068): No clocks defined in design.
Info: Found TIMEQUEST_REPORT_SCRIPT_INCLUDE_DEFAULT_ANALYSIS = ON
Info (332159): No clocks to report
Info: Analyzing Slow Model
Info (332140): No fmax paths to report
Info (332140): No Setup paths to report
Info (332140): No Hold paths to report
Info (332140): No Recovery paths to report
Info (332140): No Removal paths to report
Info (332140): No Minimum Pulse Width paths to report
Info (332001): The selected device family is not supported by the report_metastability command.
Info: Analyzing Fast Model
Info (332142): No user constrained base clocks found in the design. Calling "derive_clocks -period 1.0"
Info (332096): The command derive_clocks did not find any clocks to derive.  No clocks were created or changed.
Warning (332068): No clocks defined in design.
Info (332140): No Setup paths to report
Info (332140): No Hold paths to report
Info (332140): No Recovery paths to report
Info (332140): No Removal paths to report
Info (332140): No Minimum Pulse Width paths to report
Info (332001): The selected device family is not supported by the report_metastability command.
Info (332102): Design is not fully constrained for setup requirements
Info (332102): Design is not fully constrained for hold requirements
Info: Quartus II 32-bit TimeQuest Timing Analyzer was successful. 0 errors, 5 warnings
    Info: Peak virtual memory: 296 megabytes
    Info: Processing ended: Thu Nov 21 19:15:25 2019
    Info: Elapsed time: 00:00:02
    Info: Total CPU time (on all processors): 00:00:02


